[28Dec2024 19:48:16.639] [main/INFO] [cpw.mods.modlauncher.Launcher/MODLAUNCHER]: ModLauncher running: args [--launchTarget, forgeclientuserdev, --version, 21.1.65, --assetIndex, 17, --assetsDir, C:\\Users\\ldsbo\\.mcreator\\gradle\\caches\\neoformruntime\\assets, --gameDir, ., --fml.neoForgeVersion, 21.1.65, --fml.fmlVersion, 4.0.24, --fml.mcVersion, 1.21.1, --fml.neoFormVersion, 20240808.144430]
[28Dec2024 19:48:16.644] [main/INFO] [cpw.mods.modlauncher.Launcher/MODLAUNCHER]: JVM identified as Eclipse Adoptium OpenJDK 64-Bit Server VM 21.0.4+7-LTS
[28Dec2024 19:48:16.646] [main/INFO] [cpw.mods.modlauncher.Launcher/MODLAUNCHER]: ModLauncher 11.0.4+main.d2e20e43 starting: java version 21.0.4 by Eclipse Adoptium; OS Windows 11 arch amd64 version 10.0
[28Dec2024 19:48:17.018] [main/INFO] [net.neoforged.fml.loading.ImmediateWindowHandler/]: Loading ImmediateWindowProvider fmlearlywindow
[28Dec2024 19:48:17.203] [main/INFO] [EARLYDISPLAY/]: Trying GL version 4.6
[28Dec2024 19:48:17.297] [main/INFO] [EARLYDISPLAY/]: Requested GL version 4.6 got version 4.6
[28Dec2024 19:48:17.671] [main/INFO] [mixin/]: SpongePowered MIXIN Subsystem Version=0.8.7 Source=union:/C:/Users/ldsbo/.mcreator/gradle/caches/modules-2/files-2.1/net.fabricmc/sponge-mixin/0.15.2+mixin.0.8.7/2af2f021d8e02a0220dc27a7a72b4666d66d44ca/sponge-mixin-0.15.2+mixin.0.8.7.jar%23131!/ Service=ModLauncher Env=CLIENT
[28Dec2024 19:48:17.768] [pool-2-thread-1/INFO] [EARLYDISPLAY/]: GL info: Intel(R) Iris(R) Xe Graphics GL version 4.6.0 - Build 30.0.101.1029, Intel
[28Dec2024 19:48:18.331] [main/INFO] [net.neoforged.fml.loading.moddiscovery.locators.JarInJarDependencyLocator/]: Found 2 dependencies adding them to mods collection
[28Dec2024 19:48:19.645] [main/INFO] [cpw.mods.modlauncher.LaunchServiceHandler/MODLAUNCHER]: Launching target 'forgeclientuserdev' with arguments [--version, 21.1.65, --gameDir, ., --assetsDir, C:\Users\ldsbo\.mcreator\gradle\caches\neoformruntime\assets, --assetIndex, 17]
[28Dec2024 19:48:23.028] [Datafixer Bootstrap/INFO] [com.mojang.datafixers.DataFixerBuilder/]: 229 Datafixer optimizations took 571 milliseconds
[28Dec2024 19:48:23.504] [pool-7-thread-1/INFO] [MixinExtras|Service/]: Initializing MixinExtras via com.llamalad7.mixinextras.service.MixinExtrasServiceImpl(version=0.4.1).
[28Dec2024 19:48:31.422] [main/WARN] [net.minecraft.commands.Commands/]: Ambiguity between arguments [teleport, location] and [teleport, destination] with inputs: [0.1 -0.5 .9, 0 0 0]
[28Dec2024 19:48:31.423] [main/WARN] [net.minecraft.commands.Commands/]: Ambiguity between arguments [teleport, location] and [teleport, targets] with inputs: [0.1 -0.5 .9, 0 0 0]
[28Dec2024 19:48:31.429] [main/WARN] [net.minecraft.commands.Commands/]: Ambiguity between arguments [teleport, destination] and [teleport, targets] with inputs: [Player, 0123, @e, dd12be42-52a9-4a91-a8a1-11c01849e498]
[28Dec2024 19:48:31.430] [main/WARN] [net.minecraft.commands.Commands/]: Ambiguity between arguments [teleport, targets] and [teleport, destination] with inputs: [Player, 0123, dd12be42-52a9-4a91-a8a1-11c01849e498]
[28Dec2024 19:48:31.431] [main/WARN] [net.minecraft.commands.Commands/]: Ambiguity between arguments [teleport, targets, location] and [teleport, targets, destination] with inputs: [0.1 -0.5 .9, 0 0 0]
[28Dec2024 19:48:31.722] [Render thread/WARN] [net.minecraft.server.packs.VanillaPackResourcesBuilder/]: Assets URL 'union:/C:/Users/ldsbo/MCreatorWorkspaces/TheLegendofSteve/build/moddev/artifacts/neoforge-21.1.65-minecraft.jar%23183!/assets/.mcassetsroot' uses unexpected schema
[28Dec2024 19:48:31.723] [Render thread/WARN] [net.minecraft.server.packs.VanillaPackResourcesBuilder/]: Assets URL 'union:/C:/Users/ldsbo/MCreatorWorkspaces/TheLegendofSteve/build/moddev/artifacts/neoforge-21.1.65-minecraft.jar%23183!/data/.mcassetsroot' uses unexpected schema
[28Dec2024 19:48:31.789] [Render thread/INFO] [com.mojang.authlib.yggdrasil.YggdrasilAuthenticationService/]: Environment: Environment[sessionHost=https://sessionserver.mojang.com, servicesHost=https://api.minecraftservices.com, name=PROD]
[28Dec2024 19:48:31.807] [Render thread/INFO] [net.minecraft.client.Minecraft/]: Setting user: Dev
[28Dec2024 19:48:32.051] [Render thread/INFO] [net.minecraft.client.Minecraft/]: Backend library: LWJGL version 3.3.3+5
[28Dec2024 19:48:32.622] [modloading-worker-0/INFO] [net.neoforged.neoforge.common.NeoForgeMod/NEOFORGE-MOD]: NeoForge mod loading, version 21.1.65, for MC 1.21.1
[28Dec2024 19:48:34.514] [Render thread/INFO] [net.neoforged.neoforge.gametest.GameTestHooks/]: Enabled Gametest Namespaces: []
[28Dec2024 19:48:35.028] [Render thread/INFO] [net.minecraft.server.packs.resources.ReloadableResourceManager/]: Reloading ResourceManager: vanilla, mod_resources, mod/neoforge, mod/tloa
[28Dec2024 19:48:35.371] [Worker-Main-9/INFO] [net.minecraft.client.gui.font.providers.UnihexProvider/]: Found unifont_all_no_pua-15.1.05.hex, loading
[28Dec2024 19:48:35.424] [Worker-Main-1/INFO] [net.minecraft.client.gui.font.providers.UnihexProvider/]: Found unifont_jp_patch-15.1.05.hex, loading
[28Dec2024 19:48:37.576] [Render thread/WARN] [net.minecraft.client.sounds.SoundEngine/]: Missing sound for event: minecraft:item.goat_horn.play
[28Dec2024 19:48:37.576] [Render thread/WARN] [net.minecraft.client.sounds.SoundEngine/]: Missing sound for event: minecraft:entity.goat.screaming.horn_break
[28Dec2024 19:48:39.390] [Render thread/INFO] [com.mojang.blaze3d.audio.Library/]: OpenAL initialized on device OpenAL Soft on Speakers (Realtek(R) Audio)
[28Dec2024 19:48:39.392] [Render thread/INFO] [net.minecraft.client.sounds.SoundEngine/SOUNDS]: Sound engine started
[28Dec2024 19:48:39.648] [Render thread/INFO] [net.minecraft.client.renderer.texture.TextureAtlas/]: Created: 1024x512x2 minecraft:textures/atlas/blocks.png-atlas
[28Dec2024 19:48:40.150] [Render thread/INFO] [net.minecraft.client.renderer.texture.TextureAtlas/]: Created: 256x256x2 minecraft:textures/atlas/signs.png-atlas
[28Dec2024 19:48:40.160] [Render thread/INFO] [net.minecraft.client.renderer.texture.TextureAtlas/]: Created: 512x512x2 minecraft:textures/atlas/shield_patterns.png-atlas
[28Dec2024 19:48:40.185] [Render thread/INFO] [net.minecraft.client.renderer.texture.TextureAtlas/]: Created: 512x512x2 minecraft:textures/atlas/banner_patterns.png-atlas
[28Dec2024 19:48:40.206] [Render thread/INFO] [net.minecraft.client.renderer.texture.TextureAtlas/]: Created: 1024x1024x2 minecraft:textures/atlas/armor_trims.png-atlas
[28Dec2024 19:48:40.321] [Render thread/INFO] [net.minecraft.client.renderer.texture.TextureAtlas/]: Created: 128x64x2 minecraft:textures/atlas/decorated_pot.png-atlas
[28Dec2024 19:48:40.330] [Render thread/INFO] [net.minecraft.client.renderer.texture.TextureAtlas/]: Created: 256x256x2 minecraft:textures/atlas/chest.png-atlas
[28Dec2024 19:48:40.334] [Render thread/INFO] [net.minecraft.client.renderer.texture.TextureAtlas/]: Created: 512x256x2 minecraft:textures/atlas/beds.png-atlas
[28Dec2024 19:48:40.340] [Render thread/INFO] [net.minecraft.client.renderer.texture.TextureAtlas/]: Created: 512x256x2 minecraft:textures/atlas/shulker_boxes.png-atlas
[28Dec2024 19:48:40.507] [Render thread/INFO] [net.minecraft.client.renderer.texture.TextureAtlas/]: Created: 512x256x0 minecraft:textures/atlas/particles.png-atlas
[28Dec2024 19:48:40.519] [Render thread/INFO] [net.minecraft.client.renderer.texture.TextureAtlas/]: Created: 512x256x0 minecraft:textures/atlas/paintings.png-atlas
[28Dec2024 19:48:40.532] [Render thread/INFO] [net.minecraft.client.renderer.texture.TextureAtlas/]: Created: 256x128x0 minecraft:textures/atlas/mob_effects.png-atlas
[28Dec2024 19:48:40.546] [Render thread/INFO] [net.minecraft.client.renderer.texture.TextureAtlas/]: Created: 64x64x0 minecraft:textures/atlas/map_decorations.png-atlas
[28Dec2024 19:48:40.559] [Render thread/INFO] [net.minecraft.client.renderer.texture.TextureAtlas/]: Created: 1024x512x0 minecraft:textures/atlas/gui.png-atlas
[28Dec2024 19:48:41.250] [Render thread/WARN] [net.minecraft.client.renderer.ShaderInstance/]: Shader rendertype_entity_translucent_emissive could not find sampler named Sampler2 in the specified shader program.
[28Dec2024 19:48:42.370] [Render thread/INFO] [net.neoforged.neoforge.client.entity.animation.json.AnimationLoader/]: Loaded 0 entity animations
[28Dec2024 19:48:50.521] [Render thread/INFO] [net.minecraft.world.item.crafting.RecipeManager/]: Loaded 1310 recipes
[28Dec2024 19:48:50.815] [Render thread/INFO] [net.minecraft.advancements.AdvancementTree/]: Loaded 1399 advancements
[28Dec2024 19:48:51.716] [Server thread/INFO] [net.minecraft.client.server.IntegratedServer/]: Starting integrated minecraft server version 1.21.1
[28Dec2024 19:48:51.717] [Server thread/INFO] [net.minecraft.server.MinecraftServer/]: Generating keypair
[28Dec2024 19:48:54.228] [Server thread/INFO] [net.minecraft.server.MinecraftServer/]: Preparing start region for dimension minecraft:overworld
[28Dec2024 19:48:54.647] [progressListener/INFO] [net.minecraft.server.level.progress.LoggerChunkProgressListener/]: Preparing spawn area: 0%
[28Dec2024 19:48:54.997] [Server thread/INFO] [net.neoforged.neoforge.server.permission.PermissionAPI/]: Successfully initialized permission handler neoforge:default_handler
[28Dec2024 19:48:54.999] [progressListener/INFO] [net.minecraft.server.level.progress.LoggerChunkProgressListener/]: Time elapsed: 757 ms
[28Dec2024 19:48:55.179] [Server thread/INFO] [net.minecraft.client.server.IntegratedServer/]: Changing view distance to 12, from 10
[28Dec2024 19:48:55.179] [Server thread/INFO] [net.minecraft.client.server.IntegratedServer/]: Changing simulation distance to 10, from 0
[28Dec2024 19:48:56.709] [Server thread/INFO] [net.minecraft.server.players.PlayerList/]: Dev[local:E:f57822cd] logged in with entity id 83 at (107.8963505294187, 79.0, 9.82202675345585)
[28Dec2024 19:48:56.863] [Server thread/INFO] [net.minecraft.server.MinecraftServer/]: Dev joined the game
[28Dec2024 19:48:57.102] [Render thread/INFO] [net.minecraft.advancements.AdvancementTree/]: Loaded 152 advancements
[28Dec2024 19:49:11.133] [Server thread/INFO] [net.minecraft.server.MinecraftServer/]: [Dev: Gave 1 [Flameblade] to Dev]
[28Dec2024 19:49:11.201] [Render thread/INFO] [net.minecraft.client.gui.components.ChatComponent/]: [System] [CHAT] Gave 1 [Flameblade] to Dev
[28Dec2024 19:49:34.332] [Server thread/INFO] [net.minecraft.server.MinecraftServer/]: [Dev: Gave 1 [Great Flameblade] to Dev]
[28Dec2024 19:49:34.335] [Render thread/INFO] [net.minecraft.client.gui.components.ChatComponent/]: [System] [CHAT] Gave 1 [Great Flameblade] to Dev
[28Dec2024 19:49:59.768] [Render thread/INFO] [net.minecraft.advancements.AdvancementTree/]: Loaded 152 advancements
[28Dec2024 19:50:00.274] [Render thread/INFO] [net.minecraft.advancements.AdvancementTree/]: Loaded 153 advancements
[28Dec2024 19:50:24.900] [Server thread/INFO] [net.minecraft.client.server.IntegratedServer/]: Saving and pausing game...
[28Dec2024 19:50:25.028] [Server thread/INFO] [net.minecraft.server.MinecraftServer/]: Saving chunks for level 'ServerLevel[Test 1]'/minecraft:overworld
[28Dec2024 19:50:25.079] [Server thread/INFO] [net.minecraft.server.MinecraftServer/]: Saving chunks for level 'ServerLevel[Test 1]'/minecraft:the_end
[28Dec2024 19:50:25.087] [Server thread/INFO] [net.minecraft.server.MinecraftServer/]: Saving chunks for level 'ServerLevel[Test 1]'/minecraft:the_nether
[28Dec2024 19:50:25.557] [Server thread/INFO] [net.minecraft.server.network.ServerGamePacketListenerImpl/]: Dev lost connection: Disconnected
[28Dec2024 19:50:25.557] [Server thread/INFO] [net.minecraft.server.MinecraftServer/]: Dev left the game
[28Dec2024 19:50:25.588] [Server thread/INFO] [net.minecraft.server.network.ServerCommonPacketListenerImpl/]: Stopping singleplayer server as player logged out
[28Dec2024 19:50:25.613] [Server thread/INFO] [net.minecraft.server.MinecraftServer/]: Stopping server
[28Dec2024 19:50:25.616] [Server thread/INFO] [net.minecraft.server.MinecraftServer/]: Saving players
[28Dec2024 19:50:25.616] [Server thread/INFO] [net.minecraft.server.MinecraftServer/]: Saving worlds
[28Dec2024 19:50:25.728] [Server thread/INFO] [net.minecraft.server.MinecraftServer/]: Saving chunks for level 'ServerLevel[Test 1]'/minecraft:overworld
[28Dec2024 19:50:25.813] [Server thread/INFO] [net.minecraft.server.MinecraftServer/]: Saving chunks for level 'ServerLevel[Test 1]'/minecraft:the_end
[28Dec2024 19:50:25.817] [Server thread/INFO] [net.minecraft.server.MinecraftServer/]: Saving chunks for level 'ServerLevel[Test 1]'/minecraft:the_nether
[28Dec2024 19:50:25.915] [Server thread/INFO] [net.minecraft.server.MinecraftServer/]: ThreadedAnvilChunkStorage (Test 1): All chunks are saved
[28Dec2024 19:50:25.916] [Server thread/INFO] [net.minecraft.server.MinecraftServer/]: ThreadedAnvilChunkStorage (DIM1): All chunks are saved
[28Dec2024 19:50:25.916] [Server thread/INFO] [net.minecraft.server.MinecraftServer/]: ThreadedAnvilChunkStorage (DIM-1): All chunks are saved
[28Dec2024 19:50:25.916] [Server thread/INFO] [net.minecraft.server.MinecraftServer/]: ThreadedAnvilChunkStorage: All dimensions are saved
[28Dec2024 19:50:26.713] [Render thread/INFO] [net.minecraft.client.Minecraft/]: Stopping!
